<?xml version="1.0" encoding="UTF-8"?>
<testng-results ignored="0" total="1" passed="1" failed="0" skipped="0">
  <reporter-output>
  </reporter-output>
  <suite started-at="2024-09-04T20:21:21 IST" name="Default suite" finished-at="2024-09-04T20:21:29 IST" duration-ms="7865">
    <groups>
    </groups>
    <test started-at="2024-09-04T20:21:21 IST" name="Default test" finished-at="2024-09-04T20:21:29 IST" duration-ms="7865">
      <class name="hemanth.ExtentReports.ExtentReportsDemo">
        <test-method is-config="true" signature="config()[pri:0, instance:hemanth.ExtentReports.ExtentReportsDemo@13d9cbf5]" started-at="2024-09-04T20:21:21 IST" name="config" finished-at="2024-09-04T20:21:21 IST" duration-ms="142" status="PASS">
          <reporter-output>
          </reporter-output>
        </test-method> <!-- config -->
        <test-method signature="initialDemo()[pri:0, instance:hemanth.ExtentReports.ExtentReportsDemo@13d9cbf5]" started-at="2024-09-04T20:21:21 IST" name="initialDemo" finished-at="2024-09-04T20:21:29 IST" duration-ms="7685" status="PASS">
          <reporter-output>
          </reporter-output>
        </test-method> <!-- initialDemo -->
      </class> <!-- hemanth.ExtentReports.ExtentReportsDemo -->
    </test> <!-- Default test -->
  </suite> <!-- Default suite -->
</testng-results>
